<?xml version="1.0" encoding="UTF-8"?>
<testng-results ignored="0" total="1" passed="1" failed="0" skipped="0">
  <reporter-output>
  </reporter-output>
  <suite started-at="2020-07-22T14:02:09 ICT" name="Command line suite" finished-at="2020-07-22T14:02:09 ICT" duration-ms="24">
    <groups>
    </groups>
    <test started-at="2020-07-22T14:02:09 ICT" name="Command line test" finished-at="2020-07-22T14:02:09 ICT" duration-ms="24">
      <class name="qaclickacademy.AppTest">
        <test-method signature="testApp()" started-at="2020-07-22T14:02:09 ICT" name="testApp" finished-at="2020-07-22T14:02:09 ICT" duration-ms="3" status="PASS">
          <reporter-output>
          </reporter-output>
        </test-method> <!-- testApp -->
      </class> <!-- qaclickacademy.AppTest -->
    </test> <!-- Command line test -->
  </suite> <!-- Command line suite -->
</testng-results>
