<?xml version="1.0" encoding="UTF-8"?>
<!-- Generated by org.testng.reporters.JUnitXMLReporter -->
<testsuite ignored="0" hostname="LAPTOP-PA7FB3N6" failures="0" tests="6" name="Surefire test" time="0.032" errors="0" timestamp="2020-07-22T14:25:02 ICT">
  <testcase classname="qaclickacademy.AppiumTest" name="IOSApps on IOSApps(qaclickacademy.AppiumTest)" time="0.004"/>
  <testcase classname="qaclickacademy.AppiumTest" name="NativeAppAndroid on NativeAppAndroid(qaclickacademy.AppiumTest)" time="0.004"/>
  <testcase classname="qaclickacademy.RESTAPITest" name="deleteTwitter on deleteTwitter(qaclickacademy.RESTAPITest)" time="0.001"/>
  <testcase classname="qaclickacademy.RESTAPITest" name="postJira on postJira(qaclickacademy.RESTAPITest)" time="0.0"/>
  <testcase classname="qaclickacademy.SeleniumTest" name="elementsUI on elementsUI(qaclickacademy.SeleniumTest)" time="0.0"/>
  <testcase classname="qaclickacademy.SeleniumTest" name="BrowserAutomation on BrowserAutomation(qaclickacademy.SeleniumTest)" time="0.0"/>
</testsuite> <!-- Surefire test -->
