<?xml version="1.0" encoding="UTF-8"?>
<testsuite xmlns:xsi="http://www.w3.org/2001/XMLSchema-instance" xsi:noNamespaceSchemaLocation="https://maven.apache.org/surefire/maven-surefire-plugin/xsd/surefire-test-report.xsd" name="TestSuite" time="0.233" tests="6" errors="0" skipped="0" failures="0">
  <properties>
[...]
</properties>
  <testcase name="IOSApps on IOSApps(qaclickacademy.AppiumTest)" classname="qaclickacademy.AppiumTest" time="0.001"/>
  <testcase name="NativeAppAndroid on NativeAppAndroid(qaclickacademy.AppiumTest)" classname="qaclickacademy.AppiumTest" time="0.001"/>
  <testcase name="deleteTwitter on deleteTwitter(qaclickacademy.RESTAPITest)" classname="qaclickacademy.RESTAPITest" time="0"/>
  <testcase name="postJira on postJira(qaclickacademy.RESTAPITest)" classname="qaclickacademy.RESTAPITest" time="0"/>
  <testcase name="elementsUI on elementsUI(qaclickacademy.SeleniumTest)" classname="qaclickacademy.SeleniumTest" time="0"/>
  <testcase name="BrowserAutomation on BrowserAutomation(qaclickacademy.SeleniumTest)" classname="qaclickacademy.SeleniumTest" time="0.001"/>
</testsuite>