<?xml version="1.0" encoding="UTF-8"?>
<testng-results ignored="0" total="6" passed="6" failed="0" skipped="0">
  <reporter-output>
  </reporter-output>
  <suite started-at="2020-07-22T14:25:02 ICT" name="Surefire suite" finished-at="2020-07-22T14:25:02 ICT" duration-ms="32">
    <groups>
    </groups>
    <test started-at="2020-07-22T14:25:02 ICT" name="Surefire test" finished-at="2020-07-22T14:25:02 ICT" duration-ms="32">
      <class name="qaclickacademy.AppiumTest">
        <test-method signature="IOSApps()" started-at="2020-07-22T14:25:02 ICT" name="IOSApps" finished-at="2020-07-22T14:25:02 ICT" duration-ms="4" status="PASS">
          <reporter-output>
          </reporter-output>
        </test-method> <!-- IOSApps -->
        <test-method signature="NativeAppAndroid()" started-at="2020-07-22T14:25:02 ICT" name="NativeAppAndroid" finished-at="2020-07-22T14:25:02 ICT" duration-ms="4" status="PASS">
          <reporter-output>
          </reporter-output>
        </test-method> <!-- NativeAppAndroid -->
      </class> <!-- qaclickacademy.AppiumTest -->
      <class name="qaclickacademy.RESTAPITest">
        <test-method signature="deleteTwitter()" started-at="2020-07-22T14:25:02 ICT" name="deleteTwitter" finished-at="2020-07-22T14:25:02 ICT" duration-ms="1" status="PASS">
          <reporter-output>
          </reporter-output>
        </test-method> <!-- deleteTwitter -->
        <test-method signature="postJira()" started-at="2020-07-22T14:25:02 ICT" name="postJira" finished-at="2020-07-22T14:25:02 ICT" duration-ms="0" status="PASS">
          <reporter-output>
          </reporter-output>
        </test-method> <!-- postJira -->
      </class> <!-- qaclickacademy.RESTAPITest -->
      <class name="qaclickacademy.SeleniumTest">
        <test-method signature="elementsUI()" started-at="2020-07-22T14:25:02 ICT" name="elementsUI" finished-at="2020-07-22T14:25:02 ICT" duration-ms="0" status="PASS">
          <reporter-output>
          </reporter-output>
        </test-method> <!-- elementsUI -->
        <test-method signature="BrowserAutomation()" started-at="2020-07-22T14:25:02 ICT" name="BrowserAutomation" finished-at="2020-07-22T14:25:02 ICT" duration-ms="0" status="PASS">
          <reporter-output>
          </reporter-output>
        </test-method> <!-- BrowserAutomation -->
      </class> <!-- qaclickacademy.SeleniumTest -->
    </test> <!-- Surefire test -->
  </suite> <!-- Surefire suite -->
</testng-results>
